[2025-10-06 07:26:26.599] error: [EMAIL] Service :  Error: Greeting never received
[2025-10-06 07:28:29.288] error: [SERVER] error  Authentication required. Please provide a valid token.
[2025-10-06 07:29:51.431] error: [EMAIL] Service :  Error: getaddrinfo EAI_AGAIN smtp.gmail.com
[2025-10-06 07:30:02.682] error: [EMAIL] Service :  Error: getaddrinfo EAI_AGAIN smtp.gmail.com
[2025-10-06 07:30:18.446] error: [EMAIL] Service :  Error: getaddrinfo EAI_AGAIN smtp.gmail.com
[2025-10-06 07:30:24.938] error: [EMAIL] Service :  Error: getaddrinfo EAI_AGAIN smtp.gmail.com
[2025-10-06 07:31:09.071] error: [EMAIL] Service :  Error: getaddrinfo EAI_AGAIN smtp.gmail.com
[2025-10-06 07:31:10.983] error: [EMAIL] Service :  Error: getaddrinfo EAI_AGAIN smtp.gmail.com
[2025-10-06 07:31:25.436] error: [EMAIL] Service :  Error: getaddrinfo EAI_AGAIN smtp.gmail.com
[2025-10-06 07:31:30.553] error: [SERVER] error  Authentication required. Please provide a valid token.
[2025-10-06 07:32:38.457] error: [EMAIL] Service :  Error: getaddrinfo EAI_AGAIN smtp.gmail.com
[2025-10-06 07:32:40.375] error: [EMAIL] Service :  Error: getaddrinfo EAI_AGAIN smtp.gmail.com
[2025-10-06 07:32:52.460] error: [EMAIL] Service :  Error: getaddrinfo EAI_AGAIN smtp.gmail.com
[2025-10-06 07:32:58.248] error: [EMAIL] Service :  Error: getaddrinfo EAI_AGAIN smtp.gmail.com
[2025-10-06 07:33:04.588] error: [EMAIL] Service :  Error: getaddrinfo EAI_AGAIN smtp.gmail.com
[2025-10-06 07:33:12.234] error: [EMAIL] Service :  Error: getaddrinfo EAI_AGAIN smtp.gmail.com
[2025-10-06 07:33:13.095] error: [EMAIL] Service :  Error: getaddrinfo EAI_AGAIN smtp.gmail.com
[2025-10-06 07:33:21.827] error: [SERVER] error  Authentication required. Please provide a valid token.
[2025-10-06 07:33:29.005] error: [EMAIL] Service :  Error: getaddrinfo EAI_AGAIN smtp.gmail.com
[2025-10-06 07:34:51.346] error: [EMAIL] Service :  Error: getaddrinfo EAI_AGAIN smtp.gmail.com
[2025-10-06 07:35:35.723] error: [EMAIL] Service :  Error: getaddrinfo EAI_AGAIN smtp.gmail.com
[2025-10-06 07:36:05.097] error: [EMAIL] Service :  Error: getaddrinfo EAI_AGAIN smtp.gmail.com
[2025-10-06 07:36:06.173] error: [EMAIL] Service :  Error: getaddrinfo EAI_AGAIN smtp.gmail.com
[2025-10-06 07:36:08.347] error: [EMAIL] Service :  Error: getaddrinfo EAI_AGAIN smtp.gmail.com
[2025-10-06 07:36:09.356] error: [EMAIL] Service :  Error: getaddrinfo EAI_AGAIN smtp.gmail.com
[2025-10-06 07:36:12.165] error: [EMAIL] Service :  Error: getaddrinfo EAI_AGAIN smtp.gmail.com
[2025-10-06 07:36:17.444] error: [EMAIL] Service :  Error: getaddrinfo EAI_AGAIN smtp.gmail.com
[2025-10-06 07:37:01.486] error: [EMAIL] Service :  Error: getaddrinfo EAI_AGAIN smtp.gmail.com
[2025-10-06 07:37:14.740] error: [EMAIL] Service :  Error: getaddrinfo EAI_AGAIN smtp.gmail.com
[2025-10-06 07:37:26.869] error: [EMAIL] Service :  Error: getaddrinfo EAI_AGAIN smtp.gmail.com
[2025-10-06 07:37:36.288] error: [EMAIL] Service :  Error: getaddrinfo EAI_AGAIN smtp.gmail.com
[2025-10-06 07:37:41.772] error: [EMAIL] Service :  Error: getaddrinfo EAI_AGAIN smtp.gmail.com
[2025-10-06 07:38:36.668] error: [EMAIL] Service :  Error: getaddrinfo EAI_AGAIN smtp.gmail.com
[2025-10-06 07:38:42.305] error: [EMAIL] Service :  Error: getaddrinfo EAI_AGAIN smtp.gmail.com
[2025-10-06 07:38:43.321] error: [EMAIL] Service :  Error: getaddrinfo EAI_AGAIN smtp.gmail.com
[2025-10-09 07:12:32.022] error: [PRISMA] : Failed to connect to PostgreSQL: Can't reach database server at `localhost:5432`

Please make sure your database server is running at `localhost:5432`.
[2025-11-23 04:11:55.339] error: [PRISMA] : Failed to connect to PostgreSQL: Can't reach database server at `localhost:5432`

Please make sure your database server is running at `localhost:5432`.
